<?xml version="1.0" encoding="UTF-8"?>
<!-- Generated by org.testng.reporters.JUnitReportReporter -->
<testsuite skipped="0" hostname="Infva06151" name="day4.ParaNG" tests="1" failures="0" timestamp="13 Mar 2019 07:33:11 GMT" time="5.221" errors="0">
  <testcase name="Login" time="5.221" classname="day4.ParaNG"/>
</testsuite> <!-- day4.ParaNG -->
