<?xml version="1.0" encoding="UTF-8"?>
<!-- Generated by org.testng.reporters.JUnitReportReporter -->
<testsuite skipped="0" hostname="Infva06151" name="day9.Hybrid" tests="7" failures="0" timestamp="14 Mar 2019 06:48:40 GMT" time="4.469" errors="0">
  <testcase name="f" time="0.074" classname="day9.Hybrid"/>
  <testcase name="f" time="0.486" classname="day9.Hybrid"/>
  <testcase name="f" time="3.158" classname="day9.Hybrid"/>
  <testcase name="f" time="0.381" classname="day9.Hybrid"/>
  <testcase name="f" time="0.069" classname="day9.Hybrid"/>
  <testcase name="f" time="0.301" classname="day9.Hybrid"/>
  <testcase name="f" time="0.000" classname="day9.Hybrid"/>
</testsuite> <!-- day9.Hybrid -->
