<?xml version="1.0" encoding="UTF-8"?>
<!-- Generated by org.testng.reporters.JUnitReportReporter -->
<testsuite skipped="0" hostname="Infva06151" name="util.ReadProperty" tests="1" failures="0" timestamp="13 Mar 2019 10:24:08 GMT" time="8.890" errors="0">
  <testcase name="Read" time="8.890" classname="util.ReadProperty"/>
</testsuite> <!-- util.ReadProperty -->
