<?xml version="1.0" encoding="UTF-8"?>
<!-- Generated by org.testng.reporters.JUnitReportReporter -->
<testsuite skipped="0" hostname="Infva06151" name="day9.GridExample" tests="2" failures="0" timestamp="14 Mar 2019 10:14:17 GMT" time="5.764" errors="0">
  <testcase name="f" time="3.594" classname="day9.GridExample"/>
  <testcase name="f" time="2.170" classname="day9.GridExample"/>
</testsuite> <!-- day9.GridExample -->
