<?xml version="1.0" encoding="UTF-8"?>
<!-- Generated by org.testng.reporters.JUnitReportReporter -->
<testsuite skipped="0" hostname="Infva06151" name="day8.DependsExample" tests="3" failures="0" timestamp="13 Mar 2019 05:23:28 GMT" time="4.717" errors="0">
  <testcase name="f3" time="2.642" classname="day8.DependsExample"/>
  <testcase name="f1" time="2.045" classname="day8.DependsExample"/>
  <testcase name="f2" time="0.030" classname="day8.DependsExample"/>
</testsuite> <!-- day8.DependsExample -->
