<?xml version="1.0" encoding="UTF-8"?>
<!-- Generated by org.testng.reporters.JUnitReportReporter -->
<testsuite skipped="0" hostname="Infva06151" name="day4.FirstNG" tests="2" failures="0" timestamp="13 Mar 2019 07:33:11 GMT" time="2.023" errors="0">
  <testcase name="Test" time="1.960" classname="day4.FirstNG"/>
  <testcase name="searchBoxTest" time="0.063" classname="day4.FirstNG"/>
</testsuite> <!-- day4.FirstNG -->
