<?xml version="1.0" encoding="UTF-8"?>
<!-- Generated by org.testng.reporters.JUnitReportReporter -->
<testsuite skipped="0" hostname="Infva06151" name="util.AllAnotations1" tests="1" failures="0" timestamp="11 Mar 2019 07:35:38 GMT" time="0.006" errors="0">
  <testcase name="f" time="0.006" classname="util.AllAnotations1"/>
</testsuite> <!-- util.AllAnotations1 -->
