<?xml version="1.0" encoding="UTF-8"?>
<!-- Generated by org.testng.reporters.JUnitReportReporter -->
<testsuite skipped="0" hostname="Infva06151" name="Day7.alertExample" tests="1" failures="0" timestamp="13 Mar 2019 06:36:08 GMT" time="18.496" errors="0">
  <testcase name="f" time="18.496" classname="Day7.alertExample"/>
</testsuite> <!-- Day7.alertExample -->
