<?xml version="1.0" encoding="UTF-8"?>
<!-- Generated by org.testng.reporters.JUnitReportReporter -->
<testsuite skipped="0" hostname="Infva06151" name="day8.Grouping" tests="3" failures="0" timestamp="13 Mar 2019 09:16:40 GMT" time="0.016" errors="0">
  <testcase name="f2" time="0.016" classname="day8.Grouping"/>
  <testcase name="f3" time="0.000" classname="day8.Grouping"/>
  <testcase name="f1" time="0.000" classname="day8.Grouping"/>
</testsuite> <!-- day8.Grouping -->
